D:\CSCI420\ASSIGNMENTS\HW1\STARTERCODE VS2010\ASSIGN1\ASSIGN1\DEBUG\ASSIGN1.EXE.EMBED.MANIFEST
D:\CSCI420\ASSIGNMENTS\HW1\STARTERCODE VS2010\ASSIGN1\ASSIGN1\DEBUG\ASSIGN1.EXE.EMBED.MANIFEST.RES
D:\CSCI420\ASSIGNMENTS\HW1\STARTERCODE VS2010\ASSIGN1\ASSIGN1\DEBUG\ASSIGN1.EXE.INTERMEDIATE.MANIFEST
D:\CSCI420\Assignments\HW1\StarterCode VS2010\assign1\assign1\Debug\assign1.write.1.tlog
D:\CSCI420\ASSIGNMENTS\HW1\STARTERCODE VS2010\ASSIGN1\ASSIGN1\DEBUG\ASSIGN1_FINAL.OBJ
D:\CSCI420\Assignments\HW1\StarterCode VS2010\assign1\assign1\Debug\assign1_manifest.rc
D:\CSCI420\ASSIGNMENTS\HW1\STARTERCODE VS2010\ASSIGN1\ASSIGN1\DEBUG\ASSIGN1_SORT.OBJ
D:\CSCI420\Assignments\HW1\StarterCode VS2010\assign1\assign1\Debug\cl.command.1.tlog
D:\CSCI420\Assignments\HW1\StarterCode VS2010\assign1\assign1\Debug\CL.read.1.tlog
D:\CSCI420\Assignments\HW1\StarterCode VS2010\assign1\assign1\Debug\CL.write.1.tlog
D:\CSCI420\Assignments\HW1\StarterCode VS2010\assign1\assign1\Debug\link.11324.read.1.tlog
D:\CSCI420\Assignments\HW1\StarterCode VS2010\assign1\assign1\Debug\link.11324.write.1.tlog
D:\CSCI420\Assignments\HW1\StarterCode VS2010\assign1\assign1\Debug\link.13448.read.1.tlog
D:\CSCI420\Assignments\HW1\StarterCode VS2010\assign1\assign1\Debug\link.13448.write.1.tlog
D:\CSCI420\Assignments\HW1\StarterCode VS2010\assign1\assign1\Debug\link.13448-cvtres.read.1.tlog
D:\CSCI420\Assignments\HW1\StarterCode VS2010\assign1\assign1\Debug\link.13448-cvtres.write.1.tlog
D:\CSCI420\Assignments\HW1\StarterCode VS2010\assign1\assign1\Debug\link.15464.read.1.tlog
D:\CSCI420\Assignments\HW1\StarterCode VS2010\assign1\assign1\Debug\link.15464.write.1.tlog
D:\CSCI420\Assignments\HW1\StarterCode VS2010\assign1\assign1\Debug\link.17508.read.1.tlog
D:\CSCI420\Assignments\HW1\StarterCode VS2010\assign1\assign1\Debug\link.17508.write.1.tlog
D:\CSCI420\Assignments\HW1\StarterCode VS2010\assign1\assign1\Debug\link.2004.read.1.tlog
D:\CSCI420\Assignments\HW1\StarterCode VS2010\assign1\assign1\Debug\link.2004.write.1.tlog
D:\CSCI420\Assignments\HW1\StarterCode VS2010\assign1\assign1\Debug\link.2004-cvtres.read.1.tlog
D:\CSCI420\Assignments\HW1\StarterCode VS2010\assign1\assign1\Debug\link.2004-cvtres.write.1.tlog
D:\CSCI420\Assignments\HW1\StarterCode VS2010\assign1\assign1\Debug\link.4560.read.1.tlog
D:\CSCI420\Assignments\HW1\StarterCode VS2010\assign1\assign1\Debug\link.4560.write.1.tlog
D:\CSCI420\Assignments\HW1\StarterCode VS2010\assign1\assign1\Debug\link.6284.read.1.tlog
D:\CSCI420\Assignments\HW1\StarterCode VS2010\assign1\assign1\Debug\link.6284.write.1.tlog
D:\CSCI420\Assignments\HW1\StarterCode VS2010\assign1\assign1\Debug\link.960.read.1.tlog
D:\CSCI420\Assignments\HW1\StarterCode VS2010\assign1\assign1\Debug\link.960.write.1.tlog
D:\CSCI420\Assignments\HW1\StarterCode VS2010\assign1\assign1\Debug\link.command.1.tlog
D:\CSCI420\Assignments\HW1\StarterCode VS2010\assign1\assign1\Debug\link.read.1.tlog
D:\CSCI420\Assignments\HW1\StarterCode VS2010\assign1\assign1\Debug\link.write.1.tlog
D:\CSCI420\ASSIGNMENTS\HW1\STARTERCODE VS2010\ASSIGN1\ASSIGN1\DEBUG\MAIN.OBJ
D:\CSCI420\Assignments\HW1\StarterCode VS2010\assign1\assign1\Debug\mt.command.1.tlog
D:\CSCI420\Assignments\HW1\StarterCode VS2010\assign1\assign1\Debug\mt.read.1.tlog
D:\CSCI420\Assignments\HW1\StarterCode VS2010\assign1\assign1\Debug\mt.write.1.tlog
D:\CSCI420\Assignments\HW1\StarterCode VS2010\assign1\assign1\Debug\rc.command.1.tlog
D:\CSCI420\Assignments\HW1\StarterCode VS2010\assign1\assign1\Debug\rc.read.1.tlog
D:\CSCI420\Assignments\HW1\StarterCode VS2010\assign1\assign1\Debug\rc.write.1.tlog
D:\CSCI420\ASSIGNMENTS\HW1\STARTERCODE VS2010\ASSIGN1\ASSIGN1\DEBUG\STDAFX.OBJ
D:\CSCI420\Assignments\HW1\StarterCode VS2010\assign1\assign1\Debug\vc100.idb
D:\CSCI420\ASSIGNMENTS\HW1\STARTERCODE VS2010\ASSIGN1\ASSIGN1\DEBUG\VC100.PDB
D:\CSCI420\ASSIGNMENTS\HW1\STARTERCODE VS2010\ASSIGN1\DEBUG\ASSIGN1.EXE
D:\CSCI420\ASSIGNMENTS\HW1\STARTERCODE VS2010\ASSIGN1\DEBUG\ASSIGN1.ILK
D:\CSCI420\ASSIGNMENTS\HW1\STARTERCODE VS2010\ASSIGN1\DEBUG\ASSIGN1.PDB
